<?xml version="1.0" encoding="UTF-8"?>
<!-- Generated by org.testng.reporters.JUnitXMLReporter -->
<testsuite ignored="0" hostname="alexs-mbp.eduroam.hull.ac.uk" failures="0" tests="6" name="Command line test" time="0.019" errors="0" timestamp="11 Oct 2018 08:31:31 GMT">
  <testcase classname="TestNegativeInputException" name="testNegativeInputException" time="0.005"/>
  <testcase classname="TestClean" name="testClean" time="0.0"/>
  <testcase classname="TestGet" name="testGet" time="0.0"/>
  <testcase classname="TestCommand" name="testCommand" time="0.0"/>
  <testcase classname="TestAdd" name="testAdd" time="0.0"/>
  <testcase classname="TestConstructor" name="testConstructor" time="0.0"/>
</testsuite> <!-- Command line test -->
